<?xml version="1.0" encoding="UTF-8"?>
<testsuite name="org.example.TriangleTests" tests="1" skipped="0" failures="0" errors="0" timestamp="2024-11-23T08:39:00" hostname="DESKTOP-KB78DC2" time="0.011">
  <properties/>
  <testcase name="TriangleNotEquality()" classname="org.example.TriangleTests" time="0.011"/>
  <system-out><![CDATA[]]></system-out>
  <system-err><![CDATA[]]></system-err>
</testsuite>
