<?xml version="1.0" encoding="UTF-8"?>
<testsuite name="org.example.TriangleTests" tests="4" skipped="0" failures="0" errors="0" timestamp="2024-11-22T13:25:17" hostname="DESKTOP-KB78DC2" time="0.017">
  <properties/>
  <testcase name="TriangleWithNegativeSide()" classname="org.example.TriangleTests" time="0.011"/>
  <testcase name="Calculatesquare()" classname="org.example.TriangleTests" time="0.002"/>
  <testcase name="Calculateperiment()" classname="org.example.TriangleTests" time="0.001"/>
  <testcase name="TriangleSumIsLessThanThirdSide()" classname="org.example.TriangleTests" time="0.0"/>
  <system-out><![CDATA[One of the side is negative!!
The sum is less than the third side!
]]></system-out>
  <system-err><![CDATA[]]></system-err>
</testsuite>
