<?xml version="1.0" encoding="UTF-8"?>
<testsuite name="tests.GroupCreationTest" tests="1" skipped="0" failures="0" errors="0" timestamp="2024-12-18T14:54:36" hostname="DESKTOP-KB78DC2" time="2.149">
  <properties/>
  <testcase name="CreateGroupOnlyName()" classname="tests.GroupCreationTest" time="2.149"/>
  <system-out><![CDATA[]]></system-out>
  <system-err><![CDATA[]]></system-err>
</testsuite>
