<?xml version="1.0" encoding="UTF-8"?>
<testsuite name="tests.ContractCreate" tests="6" skipped="0" failures="0" errors="0" timestamp="2024-12-08T13:13:56" hostname="DESKTOP-KB78DC2" time="6.336">
  <properties/>
  <testcase name="[1] DataContact[firstname=, middlename=, lastname=]" classname="tests.ContractCreate" time="2.391"/>
  <testcase name="[2] DataContact[firstname=Uva, middlename=, lastname=Tatov]" classname="tests.ContractCreate" time="0.751"/>
  <testcase name="[3] DataContact[firstname=, middlename=Leskov, lastname=Mesov]" classname="tests.ContractCreate" time="0.778"/>
  <testcase name="[4] DataContact[firstname=, middlename=, lastname=]" classname="tests.ContractCreate" time="0.781"/>
  <testcase name="[5] DataContact[firstname=ff, middlename=fh, lastname=jf]" classname="tests.ContractCreate" time="0.823"/>
  <testcase name="[6] DataContact[firstname=icaa, middlename=iadi, lastname=jbbd]" classname="tests.ContractCreate" time="0.805"/>
  <system-out><![CDATA[]]></system-out>
  <system-err><![CDATA[]]></system-err>
</testsuite>
